PRT1
326
665
4 0 3 (8128 7168 -4032 ) (8128 7168 4032 ) (7168 7168 4032 ) (7168 7168 -4032 ) 
4 0 1 (7168 7168 -4032 ) (7168 7168 4032 ) (7168 8128 4032 ) (7168 8128 -4032 ) 
4 1 5 (7168 7168 -4032 ) (7168 7168 4032 ) (6144 7168 4032 ) (6144 7168 -4032 ) 
4 1 2 (6144 7168 -4032 ) (6144 7168 4032 ) (6144 8128 4032 ) (6144 8128 -4032 ) 
4 2 9 (5120 7168 -4032 ) (5120 7168 4032 ) (5120 8128 4032 ) (5120 8128 -4032 ) 
4 2 6 (6144 7168 -4032 ) (6144 7168 4032 ) (5120 7168 4032 ) (5120 7168 -4032 ) 
4 3 5 (7168 7168 4032 ) (7168 7168 -4032 ) (7168 6144 -4032 ) (7168 6144 4032 ) 
4 3 4 (8128 6144 -4032 ) (8128 6144 4032 ) (7168 6144 4032 ) (7168 6144 -4032 ) 
4 4 24 (8128 5120 -4032 ) (8128 5120 4032 ) (7168 5120 4032 ) (7168 5120 -4032 ) 
4 4 7 (7168 5120 -4032 ) (7168 5120 4032 ) (7168 6144 4032 ) (7168 6144 -4032 ) 
4 5 7 (7168 6144 -4032 ) (7168 6144 4032 ) (6144 6144 4032 ) (6144 6144 -4032 ) 
4 5 6 (6144 7168 4032 ) (6144 7168 -4032 ) (6144 6144 -4032 ) (6144 6144 4032 ) 
4 6 11 (5120 6144 -4032 ) (5120 6144 4032 ) (5120 7168 4032 ) (5120 7168 -4032 ) 
4 6 8 (6144 6144 -4032 ) (6144 6144 4032 ) (5120 6144 4032 ) (5120 6144 -4032 ) 
4 7 26 (7168 5120 -4032 ) (7168 5120 4032 ) (6144 5120 4032 ) (6144 5120 -4032 ) 
4 7 8 (6144 6144 4032 ) (6144 6144 -4032 ) (6144 5120 -4032 ) (6144 5120 4032 ) 
4 8 27 (6144 5120 -4032 ) (6144 5120 4032 ) (5120 5120 4032 ) (5120 5120 -4032 ) 
4 8 13 (5120 5120 -4032 ) (5120 5120 4032 ) (5120 6144 4032 ) (5120 6144 -4032 ) 
4 9 11 (5120 7168 -4032 ) (5120 7168 4032 ) (4096 7168 4032 ) (4096 7168 -4032 ) 
4 9 10 (4096 7168 -4032 ) (4096 7168 4032 ) (4096 8128 4032 ) (4096 8128 -4032 ) 
4 10 15 (3072 7168 -4032 ) (3072 7168 4032 ) (3072 8128 4032 ) (3072 8128 -4032 ) 
4 10 12 (4096 7168 -4032 ) (4096 7168 4032 ) (3072 7168 4032 ) (3072 7168 -4032 ) 
4 11 13 (5120 6144 -4032 ) (5120 6144 4032 ) (4096 6144 4032 ) (4096 6144 -4032 ) 
4 11 12 (4096 6144 -4032 ) (4096 6144 4032 ) (4096 7168 4032 ) (4096 7168 -4032 ) 
4 12 18 (3072 6144 -4032 ) (3072 6144 4032 ) (3072 7168 4032 ) (3072 7168 -4032 ) 
4 12 14 (3072 6144 4032 ) (3072 6144 -4032 ) (4096 6144 -4032 ) (4096 6144 4032 ) 
4 13 39 (5120 5120 -4032 ) (5120 5120 4032 ) (4096 5120 4032 ) (4096 5120 -4032 ) 
4 13 14 (4096 6144 4032 ) (4096 6144 -4032 ) (4096 5120 -4032 ) (4096 5120 4032 ) 
4 14 40 (4096 5120 -4032 ) (4096 5120 4032 ) (3072 5120 4032 ) (3072 5120 -4032 ) 
4 14 19 (3072 5120 -4032 ) (3072 5120 4032 ) (3072 6144 4032 ) (3072 6144 -4032 ) 
4 15 18 (3072 7168 -4032 ) (3072 7168 4032 ) (2048 7168 4032 ) (2048 7168 -4032 ) 
4 15 16 (2048 7168 -4032 ) (2048 7168 4032 ) (2048 8128 4032 ) (2048 8128 -4032 ) 
4 16 20 (2048 7168 -4032 ) (2048 7168 4032 ) (1024 7168 4032 ) (1024 7168 -4032 ) 
4 16 17 (1024 7168 -4032 ) (1024 7168 4032 ) (1024 8128 4032 ) (1024 8128 -4032 ) 
4 17 83 (0 7168 -4032 ) (0 7168 4032 ) (0 8128 4032 ) (0 8128 -4032 ) 
4 17 21 (0 7168 4032 ) (0 7168 -4032 ) (1024 7168 -4032 ) (1024 7168 4032 ) 
4 18 20 (2048 7168 4032 ) (2048 7168 -4032 ) (2048 6144 -4032 ) (2048 6144 4032 ) 
4 18 19 (3072 6144 -4032 ) (3072 6144 4032 ) (2048 6144 4032 ) (2048 6144 -4032 ) 
4 19 43 (3072 5120 -4032 ) (3072 5120 4032 ) (2048 5120 4032 ) (2048 5120 -4032 ) 
4 19 22 (2048 5120 -4032 ) (2048 5120 4032 ) (2048 6144 4032 ) (2048 6144 -4032 ) 
4 20 22 (2048 6144 -4032 ) (2048 6144 4032 ) (1024 6144 4032 ) (1024 6144 -4032 ) 
4 20 21 (1024 7168 4032 ) (1024 7168 -4032 ) (1024 6144 -4032 ) (1024 6144 4032 ) 
4 21 87 (0 6144 -4032 ) (0 6144 4032 ) (0 7168 4032 ) (0 7168 -4032 ) 
4 21 23 (0 6144 4032 ) (0 6144 -4032 ) (1024 6144 -4032 ) (1024 6144 4032 ) 
4 22 48 (2048 5120 -4032 ) (2048 5120 4032 ) (1024 5120 4032 ) (1024 5120 -4032 ) 
4 22 23 (1024 6144 4032 ) (1024 6144 -4032 ) (1024 5120 -4032 ) (1024 5120 4032 ) 
4 23 89 (0 5120 -4032 ) (0 5120 4032 ) (0 6144 4032 ) (0 6144 -4032 ) 
4 23 49 (1024 5120 -4032 ) (1024 5120 4032 ) (0 5120 4032 ) (0 5120 -4032 ) 
4 24 26 (7168 5120 4032 ) (7168 5120 -4032 ) (7168 4096 -4032 ) (7168 4096 4032 ) 
4 24 25 (8128 4096 -4032 ) (8128 4096 4032 ) (7168 4096 4032 ) (7168 4096 -4032 ) 
4 25 30 (8128 3072 -4032 ) (8128 3072 4032 ) (7168 3072 4032 ) (7168 3072 -4032 ) 
4 25 28 (7168 3072 -4032 ) (7168 3072 4032 ) (7168 4096 4032 ) (7168 4096 -4032 ) 
4 26 28 (7168 4096 -4032 ) (7168 4096 4032 ) (6144 4096 4032 ) (6144 4096 -4032 ) 
4 26 27 (6144 5120 4032 ) (6144 5120 -4032 ) (6144 4096 -4032 ) (6144 4096 4032 ) 
4 27 39 (5120 5120 4032 ) (5120 5120 -4032 ) (5120 4096 -4032 ) (5120 4096 4032 ) 
4 27 29 (6144 4096 -4032 ) (6144 4096 4032 ) (5120 4096 4032 ) (5120 4096 -4032 ) 
4 28 33 (7168 3072 -4032 ) (7168 3072 4032 ) (6144 3072 4032 ) (6144 3072 -4032 ) 
4 28 29 (6144 4096 4032 ) (6144 4096 -4032 ) (6144 3072 -4032 ) (6144 3072 4032 ) 
4 29 41 (5120 3072 -4032 ) (5120 3072 4032 ) (5120 4096 4032 ) (5120 4096 -4032 ) 
4 29 34 (6144 3072 -4032 ) (6144 3072 4032 ) (5120 3072 4032 ) (5120 3072 -4032 ) 
4 30 33 (7168 3072 4032 ) (7168 3072 -4032 ) (7168 2048 -4032 ) (7168 2048 4032 ) 
4 30 31 (8128 2048 -4032 ) (8128 2048 4032 ) (7168 2048 4032 ) (7168 2048 -4032 ) 
4 31 35 (7168 1024 -4032 ) (7168 1024 4032 ) (7168 2048 4032 ) (7168 2048 -4032 ) 
4 31 32 (7168 1024 4032 ) (7168 1024 -4032 ) (8128 1024 -4032 ) (8128 1024 4032 ) 
4 32 168 (8128 0 -4032 ) (8128 0 4032 ) (7168 0 4032 ) (7168 0 -4032 ) 
4 32 37 (7168 0 -4032 ) (7168 0 4032 ) (7168 1024 4032 ) (7168 1024 -4032 ) 
4 33 35 (7168 2048 -4032 ) (7168 2048 4032 ) (6144 2048 4032 ) (6144 2048 -4032 ) 
4 33 34 (6144 3072 4032 ) (6144 3072 -4032 ) (6144 2048 -4032 ) (6144 2048 4032 ) 
4 34 56 (5120 2048 -4032 ) (5120 2048 4032 ) (5120 3072 4032 ) (5120 3072 -4032 ) 
4 34 36 (6144 2048 -4032 ) (6144 2048 4032 ) (5120 2048 4032 ) (5120 2048 -4032 ) 
4 35 37 (7168 1024 -4032 ) (7168 1024 4032 ) (6144 1024 4032 ) (6144 1024 -4032 ) 
4 35 36 (6144 1024 -4032 ) (6144 1024 4032 ) (6144 2048 4032 ) (6144 2048 -4032 ) 
4 36 58 (5120 1024 -4032 ) (5120 1024 4032 ) (5120 2048 4032 ) (5120 2048 -4032 ) 
4 36 38 (5120 1024 4032 ) (5120 1024 -4032 ) (6144 1024 -4032 ) (6144 1024 4032 ) 
4 37 170 (7168 0 -4032 ) (7168 0 4032 ) (6144 0 4032 ) (6144 0 -4032 ) 
4 37 38 (6144 1024 4032 ) (6144 1024 -4032 ) (6144 0 -4032 ) (6144 0 4032 ) 
4 38 171 (6144 0 -4032 ) (6144 0 4032 ) (5120 0 4032 ) (5120 0 -4032 ) 
4 38 60 (5120 0 -4032 ) (5120 0 4032 ) (5120 1024 4032 ) (5120 1024 -4032 ) 
4 39 41 (5120 4096 -4032 ) (5120 4096 4032 ) (4096 4096 4032 ) (4096 4096 -4032 ) 
4 39 40 (4096 5120 4032 ) (4096 5120 -4032 ) (4096 4096 -4032 ) (4096 4096 4032 ) 
4 40 43 (3072 5120 4032 ) (3072 5120 -4032 ) (3072 4096 -4032 ) (3072 4096 4032 ) 
4 40 42 (4096 4096 -4032 ) (4096 4096 4032 ) (3072 4096 4032 ) (3072 4096 -4032 ) 
4 41 56 (5120 3072 -4032 ) (5120 3072 4032 ) (4096 3072 4032 ) (4096 3072 -4032 ) 
4 41 42 (4096 4096 4032 ) (4096 4096 -4032 ) (4096 3072 -4032 ) (4096 3072 4032 ) 
4 42 57 (4096 3072 -4032 ) (4096 3072 4032 ) (3072 3072 4032 ) (3072 3072 -4032 ) 
4 42 47 (3072 3072 -4032 ) (3072 3072 -512 ) (3072 4096 -512 ) (3072 4096 -4032 ) 
4 42 44 (3072 3072 -512 ) (3072 3072 4032 ) (3072 4096 4032 ) (3072 4096 -512 ) 
4 43 48 (2048 4096 -4032 ) (2048 4096 4032 ) (2048 5120 4032 ) (2048 5120 -4032 ) 
4 43 47 (3072 4096 -4032 ) (3072 4096 -512 ) (2048 4096 -512 ) (2048 4096 -4032 ) 
4 43 45 (2176 4096 4032 ) (2048 4096 4032 ) (2048 4096 -512 ) (2176 4096 -512 ) 
4 43 44 (3072 4096 -512 ) (3072 4096 4032 ) (2176 4096 4032 ) (2176 4096 -512 ) 
4 44 62 (3072 3072 -512 ) (3072 3072 4032 ) (2176 3072 4032 ) (2176 3072 -512 ) 
4 44 47 (2176 4096 -512 ) (3072 4096 -512 ) (3072 3072 -512 ) (2176 3072 -512 ) 
4 44 46 (2176 3072 0 ) (2176 3072 4032 ) (2176 4032 4032 ) (2176 4032 0 ) 
4 44 45 (2176 4096 -512 ) (2176 4032 -512 ) (2176 4032 4032 ) (2176 4096 4032 ) 
4 45 50 (2048 4032 4032 ) (2048 4096 4032 ) (2048 4096 -512 ) (2048 4032 -512 ) 
4 45 47 (2048 4032 -512 ) (2048 4096 -512 ) (2176 4096 -512 ) (2176 4032 -512 ) 
4 45 46 (2176 4032 0 ) (2176 4032 4032 ) (2048 4032 4032 ) (2048 4032 0 ) 
4 46 63 (2176 3072 4032 ) (2048 3072 4032 ) (2048 3072 0 ) (2176 3072 0 ) 
4 46 51 (2048 3072 0 ) (2048 3072 4032 ) (2048 4032 4032 ) (2048 4032 0 ) 
4 47 64 (3072 3072 -4032 ) (3072 3072 -512 ) (2048 3072 -512 ) (2048 3072 -4032 ) 
4 47 52 (2048 3072 -4032 ) (2048 3072 -512 ) (2048 4096 -512 ) (2048 4096 -4032 ) 
4 48 52 (2048 4096 -4032 ) (2048 4096 -512 ) (1024 4096 -512 ) (1024 4096 -4032 ) 
4 48 50 (2048 4096 -512 ) (2048 4096 4032 ) (1024 4096 4032 ) (1024 4096 -512 ) 
4 48 49 (1024 4096 -4032 ) (1024 4096 4032 ) (1024 5120 4032 ) (1024 5120 -4032 ) 
4 49 107 (0 4096 -4032 ) (0 4096 4032 ) (0 5120 4032 ) (0 5120 -4032 ) 
4 49 55 (0 4096 -512 ) (0 4096 -4032 ) (1024 4096 -4032 ) (1024 4096 -512 ) 
4 49 53 (0 4096 4032 ) (0 4096 -512 ) (1024 4096 -512 ) (1024 4096 4032 ) 
4 50 53 (1024 4096 4032 ) (1024 4096 -512 ) (1024 4032 -512 ) (1024 4032 4032 ) 
4 50 52 (1024 4096 -512 ) (2048 4096 -512 ) (2048 4032 -512 ) (1024 4032 -512 ) 
4 50 51 (2048 4032 0 ) (2048 4032 4032 ) (1024 4032 4032 ) (1024 4032 0 ) 
4 51 65 (2048 3072 0 ) (2048 3072 4032 ) (1024 3072 4032 ) (1024 3072 0 ) 
4 51 54 (1024 3072 0 ) (1024 3072 4032 ) (1024 4032 4032 ) (1024 4032 0 ) 
4 52 66 (2048 3072 -4032 ) (2048 3072 -512 ) (1024 3072 -512 ) (1024 3072 -4032 ) 
4 52 55 (1024 4096 -512 ) (1024 4096 -4032 ) (1024 3072 -4032 ) (1024 3072 -512 ) 
4 53 109 (0 4032 4032 ) (0 4096 4032 ) (0 4096 -512 ) (0 4032 -512 ) 
4 53 55 (0 4032 -512 ) (0 4096 -512 ) (1024 4096 -512 ) (1024 4032 -512 ) 
4 53 54 (1024 4032 0 ) (1024 4032 4032 ) (0 4032 4032 ) (0 4032 0 ) 
4 54 110 (0 3072 0 ) (0 3072 4032 ) (0 4032 4032 ) (0 4032 0 ) 
4 54 67 (1024 3072 0 ) (1024 3072 4032 ) (0 3072 4032 ) (0 3072 0 ) 
4 55 111 (0 3072 -4032 ) (0 3072 -512 ) (0 4096 -512 ) (0 4096 -4032 ) 
4 55 68 (1024 3072 -4032 ) (1024 3072 -512 ) (0 3072 -512 ) (0 3072 -4032 ) 
4 56 58 (5120 2048 -4032 ) (5120 2048 4032 ) (4096 2048 4032 ) (4096 2048 -4032 ) 
4 56 57 (4096 3072 4032 ) (4096 3072 -4032 ) (4096 2048 -4032 ) (4096 2048 4032 ) 
4 57 64 (3072 3072 -512 ) (3072 3072 -4032 ) (3072 2048 -4032 ) (3072 2048 -512 ) 
4 57 62 (3072 3072 4032 ) (3072 3072 -512 ) (3072 2048 -512 ) (3072 2048 4032 ) 
4 57 59 (4096 2048 -4032 ) (4096 2048 4032 ) (3072 2048 4032 ) (3072 2048 -4032 ) 
4 58 60 (5120 1024 -4032 ) (5120 1024 4032 ) (4096 1024 4032 ) (4096 1024 -4032 ) 
4 58 59 (4096 1024 -4032 ) (4096 1024 4032 ) (4096 2048 4032 ) (4096 2048 -4032 ) 
4 59 71 (3072 1024 -4032 ) (3072 1024 -512 ) (3072 2048 -512 ) (3072 2048 -4032 ) 
4 59 69 (3072 1024 -512 ) (3072 1024 4032 ) (3072 2048 4032 ) (3072 2048 -512 ) 
4 59 61 (3072 1024 4032 ) (3072 1024 -4032 ) (4096 1024 -4032 ) (4096 1024 4032 ) 
4 60 180 (5120 0 -4032 ) (5120 0 4032 ) (4096 0 4032 ) (4096 0 -4032 ) 
4 60 61 (4096 1024 4032 ) (4096 1024 -4032 ) (4096 0 -4032 ) (4096 0 4032 ) 
4 61 181 (4096 0 -4032 ) (4096 0 4032 ) (3072 0 4032 ) (3072 0 -4032 ) 
4 61 74 (3072 0 -4032 ) (3072 0 -512 ) (3072 1024 -512 ) (3072 1024 -4032 ) 
4 61 72 (3072 0 -512 ) (3072 0 4032 ) (3072 1024 4032 ) (3072 1024 -512 ) 
4 62 69 (3072 2048 -512 ) (3072 2048 4032 ) (2176 2048 4032 ) (2176 2048 -512 ) 
4 62 64 (3072 2048 -512 ) (2176 2048 -512 ) (2176 3072 -512 ) (3072 3072 -512 ) 
4 62 63 (2176 2048 0 ) (2176 2048 4032 ) (2176 3072 4032 ) (2176 3072 0 ) 
4 63 70 (2176 2048 4032 ) (2048 2048 4032 ) (2048 2048 0 ) (2176 2048 0 ) 
4 63 65 (2048 3072 4032 ) (2048 3072 0 ) (2048 2048 0 ) (2048 2048 4032 ) 
4 64 71 (3072 2048 -4032 ) (3072 2048 -512 ) (2048 2048 -512 ) (2048 2048 -4032 ) 
4 64 66 (2048 3072 -512 ) (2048 3072 -4032 ) (2048 2048 -4032 ) (2048 2048 -512 ) 
4 65 75 (2048 2048 0 ) (2048 2048 4032 ) (1024 2048 4032 ) (1024 2048 0 ) 
4 65 67 (1024 2048 0 ) (1024 2048 4032 ) (1024 3072 4032 ) (1024 3072 0 ) 
4 66 76 (2048 2048 -4032 ) (2048 2048 -512 ) (1024 2048 -512 ) (1024 2048 -4032 ) 
4 66 68 (1024 2048 -4032 ) (1024 2048 -512 ) (1024 3072 -512 ) (1024 3072 -4032 ) 
4 67 122 (0 2048 0 ) (0 2048 4032 ) (0 3072 4032 ) (0 3072 0 ) 
4 67 77 (1024 2048 0 ) (1024 2048 4032 ) (0 2048 4032 ) (0 2048 0 ) 
4 68 123 (0 2048 -4032 ) (0 2048 -512 ) (0 3072 -512 ) (0 3072 -4032 ) 
4 68 78 (1024 2048 -4032 ) (1024 2048 -512 ) (0 2048 -512 ) (0 2048 -4032 ) 
4 69 72 (3072 1024 -512 ) (3072 1024 4032 ) (2176 1024 4032 ) (2176 1024 -512 ) 
4 69 71 (2176 2048 -512 ) (3072 2048 -512 ) (3072 1024 -512 ) (2176 1024 -512 ) 
4 69 70 (2176 1024 0 ) (2176 1024 4032 ) (2176 2048 4032 ) (2176 2048 0 ) 
4 70 75 (2048 2048 4032 ) (2048 2048 0 ) (2048 1024 0 ) (2048 1024 4032 ) 
4 70 73 (2176 1024 4032 ) (2048 1024 4032 ) (2048 1024 0 ) (2176 1024 0 ) 
4 71 76 (2048 2048 -512 ) (2048 2048 -4032 ) (2048 1024 -4032 ) (2048 1024 -512 ) 
4 71 74 (3072 1024 -4032 ) (3072 1024 -512 ) (2048 1024 -512 ) (2048 1024 -4032 ) 
4 72 188 (3072 0 -512 ) (3072 0 4032 ) (2176 0 4032 ) (2176 0 -512 ) 
4 72 74 (3072 0 -512 ) (2176 0 -512 ) (2176 1024 -512 ) (3072 1024 -512 ) 
4 72 73 (2176 0 0 ) (2176 0 4032 ) (2176 1024 4032 ) (2176 1024 0 ) 
4 73 189 (2176 0 4032 ) (2048 0 4032 ) (2048 0 0 ) (2176 0 0 ) 
4 73 79 (2048 0 0 ) (2048 0 4032 ) (2048 1024 4032 ) (2048 1024 0 ) 
4 74 190 (3072 0 -4032 ) (3072 0 -512 ) (2048 0 -512 ) (2048 0 -4032 ) 
4 74 80 (2048 0 -4032 ) (2048 0 -512 ) (2048 1024 -512 ) (2048 1024 -4032 ) 
4 75 79 (2048 1024 0 ) (2048 1024 4032 ) (1024 1024 4032 ) (1024 1024 0 ) 
4 75 77 (1024 2048 4032 ) (1024 2048 0 ) (1024 1024 0 ) (1024 1024 4032 ) 
4 76 80 (2048 1024 -4032 ) (2048 1024 -512 ) (1024 1024 -512 ) (1024 1024 -4032 ) 
4 76 78 (1024 2048 -512 ) (1024 2048 -4032 ) (1024 1024 -4032 ) (1024 1024 -512 ) 
4 77 126 (0 1024 0 ) (0 1024 4032 ) (0 2048 4032 ) (0 2048 0 ) 
4 77 81 (1024 1024 0 ) (1024 1024 4032 ) (0 1024 4032 ) (0 1024 0 ) 
4 78 127 (0 1024 -4032 ) (0 1024 -512 ) (0 2048 -512 ) (0 2048 -4032 ) 
4 78 82 (1024 1024 -4032 ) (1024 1024 -512 ) (0 1024 -512 ) (0 1024 -4032 ) 
4 79 194 (2048 0 0 ) (2048 0 4032 ) (1024 0 4032 ) (1024 0 0 ) 
4 79 81 (1024 1024 4032 ) (1024 1024 0 ) (1024 0 0 ) (1024 0 4032 ) 
4 80 195 (2048 0 -4032 ) (2048 0 -512 ) (1024 0 -512 ) (1024 0 -4032 ) 
4 80 82 (1024 1024 -512 ) (1024 1024 -4032 ) (1024 0 -4032 ) (1024 0 -512 ) 
4 81 196 (1024 0 0 ) (1024 0 4032 ) (0 0 4032 ) (0 0 0 ) 
4 81 130 (0 0 0 ) (0 0 4032 ) (0 1024 4032 ) (0 1024 0 ) 
4 82 197 (1024 0 -4032 ) (1024 0 -512 ) (0 0 -512 ) (0 0 -4032 ) 
4 82 131 (0 0 -4032 ) (0 0 -512 ) (0 1024 -512 ) (0 1024 -4032 ) 
4 83 87 (0 7168 -4032 ) (0 7168 4032 ) (-1024 7168 4032 ) (-1024 7168 -4032 ) 
4 83 84 (-1024 7168 -4032 ) (-1024 7168 4032 ) (-1024 8128 4032 ) (-1024 8128 -4032 ) 
4 84 88 (-1024 7168 -4032 ) (-1024 7168 4032 ) (-2048 7168 4032 ) (-2048 7168 -4032 ) 
4 84 85 (-2048 7168 -4032 ) (-2048 7168 4032 ) (-2048 8128 4032 ) (-2048 8128 -4032 ) 
4 85 91 (-2048 7168 -4032 ) (-2048 7168 4032 ) (-3072 7168 4032 ) (-3072 7168 -4032 ) 
4 85 86 (-3072 7168 -4032 ) (-3072 7168 4032 ) (-3072 8128 4032 ) (-3072 8128 -4032 ) 
4 86 95 (-4096 7168 -4032 ) (-4096 7168 4032 ) (-4096 8128 4032 ) (-4096 8128 -4032 ) 
4 86 92 (-3072 7168 -4032 ) (-3072 7168 4032 ) (-4096 7168 4032 ) (-4096 7168 -4032 ) 
4 87 89 (0 6144 -4032 ) (0 6144 4032 ) (-1024 6144 4032 ) (-1024 6144 -4032 ) 
4 87 88 (-1024 7168 4032 ) (-1024 7168 -4032 ) (-1024 6144 -4032 ) (-1024 6144 4032 ) 
4 88 91 (-2048 7168 4032 ) (-2048 7168 -4032 ) (-2048 6144 -4032 ) (-2048 6144 4032 ) 
4 88 90 (-1024 6144 -4032 ) (-1024 6144 4032 ) (-2048 6144 4032 ) (-2048 6144 -4032 ) 
4 89 107 (0 5120 -4032 ) (0 5120 4032 ) (-1024 5120 4032 ) (-1024 5120 -4032 ) 
4 89 90 (-1024 6144 4032 ) (-1024 6144 -4032 ) (-1024 5120 -4032 ) (-1024 5120 4032 ) 
4 90 108 (-1024 5120 -4032 ) (-1024 5120 4032 ) (-2048 5120 4032 ) (-2048 5120 -4032 ) 
4 90 93 (-2048 5120 -4032 ) (-2048 5120 4032 ) (-2048 6144 4032 ) (-2048 6144 -4032 ) 
4 91 93 (-2048 6144 -4032 ) (-2048 6144 4032 ) (-3072 6144 4032 ) (-3072 6144 -4032 ) 
4 91 92 (-3072 7168 4032 ) (-3072 7168 -4032 ) (-3072 6144 -4032 ) (-3072 6144 4032 ) 
4 92 97 (-4096 6144 -4032 ) (-4096 6144 4032 ) (-4096 7168 4032 ) (-4096 7168 -4032 ) 
4 92 94 (-3072 6144 -4032 ) (-3072 6144 4032 ) (-4096 6144 4032 ) (-4096 6144 -4032 ) 
4 93 115 (-2048 5120 -4032 ) (-2048 5120 4032 ) (-3072 5120 4032 ) (-3072 5120 -4032 ) 
4 93 94 (-3072 6144 4032 ) (-3072 6144 -4032 ) (-3072 5120 -4032 ) (-3072 5120 4032 ) 
4 94 116 (-3072 5120 -4032 ) (-3072 5120 4032 ) (-4096 5120 4032 ) (-4096 5120 -4032 ) 
4 94 99 (-4096 5120 -4032 ) (-4096 5120 4032 ) (-4096 6144 4032 ) (-4096 6144 -4032 ) 
4 95 97 (-4096 7168 -4032 ) (-4096 7168 4032 ) (-5120 7168 4032 ) (-5120 7168 -4032 ) 
4 95 96 (-5120 7168 -4032 ) (-5120 7168 4032 ) (-5120 8128 4032 ) (-5120 8128 -4032 ) 
4 96 101 (-6144 7168 -4032 ) (-6144 7168 4032 ) (-6144 8128 4032 ) (-6144 8128 -4032 ) 
4 96 98 (-5120 7168 -4032 ) (-5120 7168 4032 ) (-6144 7168 4032 ) (-6144 7168 -4032 ) 
4 97 99 (-4096 6144 -4032 ) (-4096 6144 4032 ) (-5120 6144 4032 ) (-5120 6144 -4032 ) 
4 97 98 (-5120 6144 -4032 ) (-5120 6144 4032 ) (-5120 7168 4032 ) (-5120 7168 -4032 ) 
4 98 103 (-6144 6144 -4032 ) (-6144 6144 4032 ) (-6144 7168 4032 ) (-6144 7168 -4032 ) 
4 98 100 (-6144 6144 4032 ) (-6144 6144 -4032 ) (-5120 6144 -4032 ) (-5120 6144 4032 ) 
4 99 148 (-4096 5120 -4032 ) (-4096 5120 4032 ) (-5120 5120 4032 ) (-5120 5120 -4032 ) 
4 99 100 (-5120 6144 4032 ) (-5120 6144 -4032 ) (-5120 5120 -4032 ) (-5120 5120 4032 ) 
4 100 149 (-5120 5120 -4032 ) (-5120 5120 4032 ) (-6144 5120 4032 ) (-6144 5120 -4032 ) 
4 100 104 (-6144 5120 -4032 ) (-6144 5120 4032 ) (-6144 6144 4032 ) (-6144 6144 -4032 ) 
4 101 103 (-6144 7168 -4032 ) (-6144 7168 4032 ) (-7168 7168 4032 ) (-7168 7168 -4032 ) 
4 101 102 (-7168 7168 -4032 ) (-7168 7168 4032 ) (-7168 8128 4032 ) (-7168 8128 -4032 ) 
4 102 105 (-7168 7168 -4032 ) (-7168 7168 4032 ) (-8128 7168 4032 ) (-8128 7168 -4032 ) 
4 103 105 (-7168 7168 4032 ) (-7168 7168 -4032 ) (-7168 6144 -4032 ) (-7168 6144 4032 ) 
4 103 104 (-6144 6144 -4032 ) (-6144 6144 4032 ) (-7168 6144 4032 ) (-7168 6144 -4032 ) 
4 104 152 (-6144 5120 -4032 ) (-6144 5120 4032 ) (-7168 5120 4032 ) (-7168 5120 -4032 ) 
4 104 106 (-7168 5120 -4032 ) (-7168 5120 4032 ) (-7168 6144 4032 ) (-7168 6144 -4032 ) 
4 105 106 (-7168 6144 -4032 ) (-7168 6144 4032 ) (-8128 6144 4032 ) (-8128 6144 -4032 ) 
4 106 154 (-7168 5120 -4032 ) (-7168 5120 4032 ) (-8128 5120 4032 ) (-8128 5120 -4032 ) 
4 107 111 (0 4096 -4032 ) (0 4096 -512 ) (-1024 4096 -512 ) (-1024 4096 -4032 ) 
4 107 109 (0 4096 -512 ) (0 4096 4032 ) (-1024 4096 4032 ) (-1024 4096 -512 ) 
4 107 108 (-1024 5120 4032 ) (-1024 5120 -4032 ) (-1024 4096 -4032 ) (-1024 4096 4032 ) 
4 108 115 (-2048 5120 4032 ) (-2048 5120 -4032 ) (-2048 4096 -4032 ) (-2048 4096 4032 ) 
4 108 114 (-1024 4096 -4032 ) (-1024 4096 -512 ) (-2048 4096 -512 ) (-2048 4096 -4032 ) 
4 108 112 (-1024 4096 -512 ) (-1024 4096 4032 ) (-2048 4096 4032 ) (-2048 4096 -512 ) 
4 109 112 (-1024 4096 4032 ) (-1024 4096 -512 ) (-1024 4032 -512 ) (-1024 4032 4032 ) 
4 109 111 (-1024 4032 -512 ) (-1024 4096 -512 ) (0 4096 -512 ) (0 4032 -512 ) 
4 109 110 (0 4032 0 ) (0 4032 4032 ) (-1024 4032 4032 ) (-1024 4032 0 ) 
4 110 122 (0 3072 0 ) (0 3072 4032 ) (-1024 3072 4032 ) (-1024 3072 0 ) 
4 110 113 (-1024 3072 0 ) (-1024 3072 4032 ) (-1024 4032 4032 ) (-1024 4032 0 ) 
4 111 123 (0 3072 -4032 ) (0 3072 -512 ) (-1024 3072 -512 ) (-1024 3072 -4032 ) 
4 111 114 (-1024 4096 -512 ) (-1024 4096 -4032 ) (-1024 3072 -4032 ) (-1024 3072 -512 ) 
4 112 117 (-2048 4032 4032 ) (-2048 4096 4032 ) (-2048 4096 -512 ) (-2048 4032 -512 ) 
4 112 114 (-1024 4096 -512 ) (-1024 4032 -512 ) (-2048 4032 -512 ) (-2048 4096 -512 ) 
4 112 113 (-1024 4032 0 ) (-1024 4032 4032 ) (-2048 4032 4032 ) (-2048 4032 0 ) 
4 113 124 (-1024 3072 0 ) (-1024 3072 4032 ) (-2048 3072 4032 ) (-2048 3072 0 ) 
4 113 118 (-2048 3072 0 ) (-2048 3072 4032 ) (-2048 4032 4032 ) (-2048 4032 0 ) 
4 114 125 (-1024 3072 -4032 ) (-1024 3072 -512 ) (-2048 3072 -512 ) (-2048 3072 -4032 ) 
4 114 120 (-2048 3072 -4032 ) (-2048 3072 -512 ) (-2048 4096 -512 ) (-2048 4096 -4032 ) 
4 115 120 (-2048 4096 -4032 ) (-2048 4096 -512 ) (-3072 4096 -512 ) (-3072 4096 -4032 ) 
4 115 117 (-2048 4096 -512 ) (-2048 4096 4032 ) (-2624 4096 4032 ) (-2624 4096 -512 ) 
4 115 119 (-2624 4096 4032 ) (-3072 4096 4032 ) (-3072 4096 -512 ) (-2624 4096 -512 ) 
4 115 116 (-3072 5120 4032 ) (-3072 5120 -4032 ) (-3072 4096 -4032 ) (-3072 4096 4032 ) 
4 116 148 (-4096 5120 4032 ) (-4096 5120 -4032 ) (-4096 4096 -4032 ) (-4096 4096 4032 ) 
4 116 121 (-3072 4096 -4032 ) (-3072 4096 4032 ) (-4096 4096 4032 ) (-4096 4096 -4032 ) 
4 117 120 (-2624 4096 -512 ) (-2048 4096 -512 ) (-2048 4032 -512 ) (-2624 4032 -512 ) 
4 117 118 (-2624 4032 4032 ) (-2624 4032 0 ) (-2048 4032 0 ) (-2048 4032 4032 ) 
4 117 119 (-2624 4096 -512 ) (-2624 4032 -512 ) (-2624 4032 4032 ) (-2624 4096 4032 ) 
4 118 136 (-2048 3072 0 ) (-2048 3072 4032 ) (-2624 3072 4032 ) (-2624 3072 0 ) 
4 118 119 (-2624 3072 0 ) (-2624 3072 4032 ) (-2624 4032 4032 ) (-2624 4032 0 ) 
4 119 137 (-2624 3072 4032 ) (-3072 3072 4032 ) (-3072 3072 -512 ) (-2624 3072 -512 ) 
4 119 121 (-3072 4096 4032 ) (-3072 4096 -512 ) (-3072 3072 -512 ) (-3072 3072 4032 ) 
4 119 120 (-3072 4096 -512 ) (-2624 4096 -512 ) (-2624 3072 -512 ) (-3072 3072 -512 ) 
4 120 138 (-2048 3072 -4032 ) (-2048 3072 -512 ) (-3072 3072 -512 ) (-3072 3072 -4032 ) 
4 120 121 (-3072 4096 -512 ) (-3072 4096 -4032 ) (-3072 3072 -4032 ) (-3072 3072 -512 ) 
4 121 150 (-4096 3072 -4032 ) (-4096 3072 4032 ) (-4096 4096 4032 ) (-4096 4096 -4032 ) 
4 121 139 (-3072 3072 -4032 ) (-3072 3072 4032 ) (-4096 3072 4032 ) (-4096 3072 -4032 ) 
4 122 126 (0 2048 0 ) (0 2048 4032 ) (-1024 2048 4032 ) (-1024 2048 0 ) 
4 122 124 (-1024 3072 4032 ) (-1024 3072 0 ) (-1024 2048 0 ) (-1024 2048 4032 ) 
4 123 127 (0 2048 -4032 ) (0 2048 -512 ) (-1024 2048 -512 ) (-1024 2048 -4032 ) 
4 123 125 (-1024 3072 -512 ) (-1024 3072 -4032 ) (-1024 2048 -4032 ) (-1024 2048 -512 ) 
4 124 136 (-2048 3072 4032 ) (-2048 3072 0 ) (-2048 2048 0 ) (-2048 2048 4032 ) 
4 124 128 (-1024 2048 0 ) (-1024 2048 4032 ) (-2048 2048 4032 ) (-2048 2048 0 ) 
4 125 138 (-2048 3072 -512 ) (-2048 3072 -4032 ) (-2048 2048 -4032 ) (-2048 2048 -512 ) 
4 125 129 (-1024 2048 -4032 ) (-1024 2048 -512 ) (-2048 2048 -512 ) (-2048 2048 -4032 ) 
4 126 130 (0 1024 0 ) (0 1024 4032 ) (-1024 1024 4032 ) (-1024 1024 0 ) 
4 126 128 (-1024 1024 0 ) (-1024 1024 4032 ) (-1024 2048 4032 ) (-1024 2048 0 ) 
4 127 131 (0 1024 -4032 ) (0 1024 -512 ) (-1024 1024 -512 ) (-1024 1024 -4032 ) 
4 127 129 (-1024 1024 -4032 ) (-1024 1024 -512 ) (-1024 2048 -512 ) (-1024 2048 -4032 ) 
4 128 140 (-2048 1024 0 ) (-2048 1024 4032 ) (-2048 2048 4032 ) (-2048 2048 0 ) 
4 128 132 (-1024 1024 512 ) (-1024 1024 4032 ) (-1536 1024 4032 ) (-1536 1024 512 ) 
4 128 134 (-2048 1024 4032 ) (-2048 1024 0 ) (-1536 1024 0 ) (-1536 1024 4032 ) 
4 129 142 (-2048 1024 -4032 ) (-2048 1024 -512 ) (-2048 2048 -512 ) (-2048 2048 -4032 ) 
4 129 135 (-2048 1024 -512 ) (-2048 1024 -4032 ) (-1024 1024 -4032 ) (-1024 1024 -512 ) 
4 130 247 (0 0 0 ) (0 0 4032 ) (-1024 0 4032 ) (-1024 0 0 ) 
4 130 132 (-1024 1024 4032 ) (-1024 1024 512 ) (-1024 512 512 ) (-1024 512 4032 ) 
4 130 133 (-1024 512 0 ) (-1024 0 0 ) (-1024 0 4032 ) (-1024 512 4032 ) 
4 131 248 (0 0 -4032 ) (0 0 -512 ) (-1024 0 -512 ) (-1024 0 -4032 ) 
4 131 135 (-1024 1024 -512 ) (-1024 1024 -4032 ) (-1024 0 -4032 ) (-1024 0 -512 ) 
4 132 133 (-1536 512 4032 ) (-1536 512 512 ) (-1024 512 512 ) (-1024 512 4032 ) 
4 132 134 (-1536 512 512 ) (-1536 512 4032 ) (-1536 1024 4032 ) (-1536 1024 512 ) 
4 133 249 (-1024 0 0 ) (-1024 0 4032 ) (-1536 0 4032 ) (-1536 0 0 ) 
4 133 134 (-1536 512 0 ) (-1536 0 0 ) (-1536 0 4032 ) (-1536 512 4032 ) 
4 134 249 (-1536 0 4032 ) (-2048 0 4032 ) (-2048 0 0 ) (-1536 0 0 ) 
4 134 144 (-2048 0 0 ) (-2048 0 4032 ) (-2048 1024 4032 ) (-2048 1024 0 ) 
4 135 250 (-1024 0 -4032 ) (-1024 0 -512 ) (-2048 0 -512 ) (-2048 0 -4032 ) 
4 135 146 (-2048 0 -4032 ) (-2048 0 -512 ) (-2048 1024 -512 ) (-2048 1024 -4032 ) 
4 136 140 (-2048 2048 0 ) (-2048 2048 4032 ) (-2624 2048 4032 ) (-2624 2048 0 ) 
4 136 137 (-2624 2048 0 ) (-2624 2048 4032 ) (-2624 3072 4032 ) (-2624 3072 0 ) 
4 137 141 (-2624 2048 4032 ) (-3072 2048 4032 ) (-3072 2048 -512 ) (-2624 2048 -512 ) 
4 137 139 (-3072 3072 4032 ) (-3072 3072 -512 ) (-3072 2048 -512 ) (-3072 2048 4032 ) 
4 137 138 (-2624 2048 -512 ) (-3072 2048 -512 ) (-3072 3072 -512 ) (-2624 3072 -512 ) 
4 138 142 (-2048 2048 -4032 ) (-2048 2048 -512 ) (-3072 2048 -512 ) (-3072 2048 -4032 ) 
4 138 139 (-3072 3072 -512 ) (-3072 3072 -4032 ) (-3072 2048 -4032 ) (-3072 2048 -512 ) 
4 139 156 (-4096 2048 -4032 ) (-4096 2048 4032 ) (-4096 3072 4032 ) (-4096 3072 -4032 ) 
4 139 143 (-3072 2048 -4032 ) (-3072 2048 4032 ) (-4096 2048 4032 ) (-4096 2048 -4032 ) 
4 140 144 (-2048 1024 0 ) (-2048 1024 4032 ) (-2624 1024 4032 ) (-2624 1024 0 ) 
4 140 141 (-2624 1024 0 ) (-2624 1024 4032 ) (-2624 2048 4032 ) (-2624 2048 0 ) 
4 141 145 (-2624 1024 4032 ) (-3072 1024 4032 ) (-3072 1024 -512 ) (-2624 1024 -512 ) 
4 141 143 (-3072 1024 -512 ) (-3072 1024 4032 ) (-3072 2048 4032 ) (-3072 2048 -512 ) 
4 141 142 (-2624 1024 -512 ) (-3072 1024 -512 ) (-3072 2048 -512 ) (-2624 2048 -512 ) 
4 142 146 (-2048 1024 -4032 ) (-2048 1024 -512 ) (-3072 1024 -512 ) (-3072 1024 -4032 ) 
4 142 143 (-3072 1024 -4032 ) (-3072 1024 -512 ) (-3072 2048 -512 ) (-3072 2048 -4032 ) 
4 143 158 (-4096 1024 -4032 ) (-4096 1024 4032 ) (-4096 2048 4032 ) (-4096 2048 -4032 ) 
4 143 147 (-4096 1024 4032 ) (-4096 1024 -4032 ) (-3072 1024 -4032 ) (-3072 1024 4032 ) 
4 144 255 (-2048 0 0 ) (-2048 0 4032 ) (-2624 0 4032 ) (-2624 0 0 ) 
4 144 145 (-2624 0 0 ) (-2624 0 4032 ) (-2624 1024 4032 ) (-2624 1024 0 ) 
4 145 256 (-2624 0 4032 ) (-3072 0 4032 ) (-3072 0 -512 ) (-2624 0 -512 ) 
4 145 147 (-3072 1024 4032 ) (-3072 1024 -512 ) (-3072 0 -512 ) (-3072 0 4032 ) 
4 145 146 (-2624 0 -512 ) (-3072 0 -512 ) (-3072 1024 -512 ) (-2624 1024 -512 ) 
4 146 257 (-2048 0 -4032 ) (-2048 0 -512 ) (-3072 0 -512 ) (-3072 0 -4032 ) 
4 146 147 (-3072 1024 -512 ) (-3072 1024 -4032 ) (-3072 0 -4032 ) (-3072 0 -512 ) 
4 147 258 (-3072 0 -4032 ) (-3072 0 4032 ) (-4096 0 4032 ) (-4096 0 -4032 ) 
4 147 160 (-4096 0 -4032 ) (-4096 0 4032 ) (-4096 1024 4032 ) (-4096 1024 -4032 ) 
4 148 150 (-4096 4096 -4032 ) (-4096 4096 4032 ) (-5120 4096 4032 ) (-5120 4096 -4032 ) 
4 148 149 (-5120 5120 4032 ) (-5120 5120 -4032 ) (-5120 4096 -4032 ) (-5120 4096 4032 ) 
4 149 152 (-6144 5120 4032 ) (-6144 5120 -4032 ) (-6144 4096 -4032 ) (-6144 4096 4032 ) 
4 149 151 (-5120 4096 -4032 ) (-5120 4096 4032 ) (-6144 4096 4032 ) (-6144 4096 -4032 ) 
4 150 156 (-4096 3072 -4032 ) (-4096 3072 4032 ) (-5120 3072 4032 ) (-5120 3072 -4032 ) 
4 150 151 (-5120 4096 4032 ) (-5120 4096 -4032 ) (-5120 3072 -4032 ) (-5120 3072 4032 ) 
4 151 157 (-5120 3072 -4032 ) (-5120 3072 4032 ) (-6144 3072 4032 ) (-6144 3072 -4032 ) 
4 151 153 (-6144 3072 -4032 ) (-6144 3072 4032 ) (-6144 4096 4032 ) (-6144 4096 -4032 ) 
4 152 154 (-7168 4096 -4032 ) (-7168 4096 4032 ) (-7168 5120 4032 ) (-7168 5120 -4032 ) 
4 152 153 (-6144 4096 -4032 ) (-6144 4096 4032 ) (-7168 4096 4032 ) (-7168 4096 -4032 ) 
4 153 162 (-6144 3072 -4032 ) (-6144 3072 4032 ) (-7168 3072 4032 ) (-7168 3072 -4032 ) 
4 153 155 (-7168 3072 -4032 ) (-7168 3072 4032 ) (-7168 4096 4032 ) (-7168 4096 -4032 ) 
4 154 155 (-7168 4096 -4032 ) (-7168 4096 4032 ) (-8128 4096 4032 ) (-8128 4096 -4032 ) 
4 155 163 (-7168 3072 -4032 ) (-7168 3072 4032 ) (-8128 3072 4032 ) (-8128 3072 -4032 ) 
4 156 158 (-4096 2048 -4032 ) (-4096 2048 4032 ) (-5120 2048 4032 ) (-5120 2048 -4032 ) 
4 156 157 (-5120 3072 4032 ) (-5120 3072 -4032 ) (-5120 2048 -4032 ) (-5120 2048 4032 ) 
4 157 162 (-6144 3072 4032 ) (-6144 3072 -4032 ) (-6144 2048 -4032 ) (-6144 2048 4032 ) 
4 157 159 (-5120 2048 -4032 ) (-5120 2048 4032 ) (-6144 2048 4032 ) (-6144 2048 -4032 ) 
4 158 160 (-4096 1024 -4032 ) (-4096 1024 4032 ) (-5120 1024 4032 ) (-5120 1024 -4032 ) 
4 158 159 (-5120 1024 -4032 ) (-5120 1024 4032 ) (-5120 2048 4032 ) (-5120 2048 -4032 ) 
4 159 164 (-6144 1024 -4032 ) (-6144 1024 4032 ) (-6144 2048 4032 ) (-6144 2048 -4032 ) 
4 159 161 (-6144 1024 4032 ) (-6144 1024 -4032 ) (-5120 1024 -4032 ) (-5120 1024 4032 ) 
4 160 278 (-4096 0 -4032 ) (-4096 0 4032 ) (-5120 0 4032 ) (-5120 0 -4032 ) 
4 160 161 (-5120 1024 4032 ) (-5120 1024 -4032 ) (-5120 0 -4032 ) (-5120 0 4032 ) 
4 161 279 (-5120 0 -4032 ) (-5120 0 4032 ) (-6144 0 4032 ) (-6144 0 -4032 ) 
4 161 165 (-6144 0 -4032 ) (-6144 0 4032 ) (-6144 1024 4032 ) (-6144 1024 -4032 ) 
4 162 164 (-6144 2048 -4032 ) (-6144 2048 4032 ) (-7168 2048 4032 ) (-7168 2048 -4032 ) 
4 162 163 (-7168 3072 4032 ) (-7168 3072 -4032 ) (-7168 2048 -4032 ) (-7168 2048 4032 ) 
4 163 166 (-7168 2048 -4032 ) (-7168 2048 4032 ) (-8128 2048 4032 ) (-8128 2048 -4032 ) 
4 164 166 (-7168 2048 4032 ) (-7168 2048 -4032 ) (-7168 1024 -4032 ) (-7168 1024 4032 ) 
4 164 165 (-6144 1024 -4032 ) (-6144 1024 4032 ) (-7168 1024 4032 ) (-7168 1024 -4032 ) 
4 165 286 (-6144 0 -4032 ) (-6144 0 4032 ) (-7168 0 4032 ) (-7168 0 -4032 ) 
4 165 167 (-7168 0 -4032 ) (-7168 0 4032 ) (-7168 1024 4032 ) (-7168 1024 -4032 ) 
4 166 167 (-7168 1024 -4032 ) (-7168 1024 4032 ) (-8128 1024 4032 ) (-8128 1024 -4032 ) 
4 167 288 (-7168 0 -4032 ) (-7168 0 4032 ) (-8128 0 4032 ) (-8128 0 -4032 ) 
4 168 170 (7168 0 4032 ) (7168 0 -4032 ) (7168 -1024 -4032 ) (7168 -1024 4032 ) 
4 168 169 (8128 -1024 -4032 ) (8128 -1024 4032 ) (7168 -1024 4032 ) (7168 -1024 -4032 ) 
4 169 174 (8128 -2048 -4032 ) (8128 -2048 4032 ) (7168 -2048 4032 ) (7168 -2048 -4032 ) 
4 169 172 (7168 -2048 -4032 ) (7168 -2048 4032 ) (7168 -1024 4032 ) (7168 -1024 -4032 ) 
4 170 172 (7168 -1024 -4032 ) (7168 -1024 4032 ) (6144 -1024 4032 ) (6144 -1024 -4032 ) 
4 170 171 (6144 0 4032 ) (6144 0 -4032 ) (6144 -1024 -4032 ) (6144 -1024 4032 ) 
4 171 180 (5120 0 4032 ) (5120 0 -4032 ) (5120 -1024 -4032 ) (5120 -1024 4032 ) 
4 171 173 (6144 -1024 -4032 ) (6144 -1024 4032 ) (5120 -1024 4032 ) (5120 -1024 -4032 ) 
4 172 176 (7168 -2048 -4032 ) (7168 -2048 4032 ) (6144 -2048 4032 ) (6144 -2048 -4032 ) 
4 172 173 (6144 -1024 4032 ) (6144 -1024 -4032 ) (6144 -2048 -4032 ) (6144 -2048 4032 ) 
4 173 182 (5120 -2048 -4032 ) (5120 -2048 4032 ) (5120 -1024 4032 ) (5120 -1024 -4032 ) 
4 173 177 (6144 -2048 -4032 ) (6144 -2048 4032 ) (5120 -2048 4032 ) (5120 -2048 -4032 ) 
4 174 176 (7168 -2048 4032 ) (7168 -2048 -4032 ) (7168 -3072 -4032 ) (7168 -3072 4032 ) 
4 174 175 (8128 -3072 -4032 ) (8128 -3072 4032 ) (7168 -3072 4032 ) (7168 -3072 -4032 ) 
4 175 215 (8128 -4096 -4032 ) (8128 -4096 4032 ) (7168 -4096 4032 ) (7168 -4096 -4032 ) 
4 175 178 (7168 -4096 -4032 ) (7168 -4096 4032 ) (7168 -3072 4032 ) (7168 -3072 -4032 ) 
4 176 178 (7168 -3072 -4032 ) (7168 -3072 4032 ) (6144 -3072 4032 ) (6144 -3072 -4032 ) 
4 176 177 (6144 -2048 4032 ) (6144 -2048 -4032 ) (6144 -3072 -4032 ) (6144 -3072 4032 ) 
4 177 184 (5120 -3072 -4032 ) (5120 -3072 4032 ) (5120 -2048 4032 ) (5120 -2048 -4032 ) 
4 177 179 (6144 -3072 -4032 ) (6144 -3072 4032 ) (5120 -3072 4032 ) (5120 -3072 -4032 ) 
4 178 217 (7168 -4096 -4032 ) (7168 -4096 4032 ) (6144 -4096 4032 ) (6144 -4096 -4032 ) 
4 178 179 (6144 -3072 4032 ) (6144 -3072 -4032 ) (6144 -4096 -4032 ) (6144 -4096 4032 ) 
4 179 218 (6144 -4096 -4032 ) (6144 -4096 4032 ) (5120 -4096 4032 ) (5120 -4096 -4032 ) 
4 179 186 (5120 -4096 -4032 ) (5120 -4096 4032 ) (5120 -3072 4032 ) (5120 -3072 -4032 ) 
4 180 182 (5120 -1024 -4032 ) (5120 -1024 4032 ) (4096 -1024 4032 ) (4096 -1024 -4032 ) 
4 180 181 (4096 0 4032 ) (4096 0 -4032 ) (4096 -1024 -4032 ) (4096 -1024 4032 ) 
4 181 190 (3072 -1024 -4032 ) (3072 -1024 -512 ) (3072 0 -512 ) (3072 0 -4032 ) 
4 181 188 (3072 -1024 -512 ) (3072 -1024 4032 ) (3072 0 4032 ) (3072 0 -512 ) 
4 181 183 (3072 -1024 4032 ) (3072 -1024 -4032 ) (4096 -1024 -4032 ) (4096 -1024 4032 ) 
4 182 184 (5120 -2048 -4032 ) (5120 -2048 4032 ) (4096 -2048 4032 ) (4096 -2048 -4032 ) 
4 182 183 (4096 -1024 4032 ) (4096 -1024 -4032 ) (4096 -2048 -4032 ) (4096 -2048 4032 ) 
4 183 193 (3072 -2048 -4032 ) (3072 -2048 -512 ) (3072 -1024 -512 ) (3072 -1024 -4032 ) 
4 183 191 (3072 -2048 -512 ) (3072 -2048 4032 ) (3072 -1024 4032 ) (3072 -1024 -512 ) 
4 183 185 (4096 -2048 -4032 ) (4096 -2048 4032 ) (3072 -2048 4032 ) (3072 -2048 -4032 ) 
4 184 186 (5120 -3072 -4032 ) (5120 -3072 4032 ) (4096 -3072 4032 ) (4096 -3072 -4032 ) 
4 184 185 (4096 -3072 -4032 ) (4096 -3072 4032 ) (4096 -2048 4032 ) (4096 -2048 -4032 ) 
4 185 205 (3072 -3072 -4032 ) (3072 -3072 -512 ) (3072 -2048 -512 ) (3072 -2048 -4032 ) 
4 185 202 (3072 -3072 -512 ) (3072 -3072 4032 ) (3072 -2048 4032 ) (3072 -2048 -512 ) 
4 185 187 (3072 -3072 4032 ) (3072 -3072 -4032 ) (4096 -3072 -4032 ) (4096 -3072 4032 ) 
4 186 227 (5120 -4096 -4032 ) (5120 -4096 4032 ) (4096 -4096 4032 ) (4096 -4096 -4032 ) 
4 186 187 (4096 -3072 4032 ) (4096 -3072 -4032 ) (4096 -4096 -4032 ) (4096 -4096 4032 ) 
4 187 228 (4096 -4096 -4032 ) (4096 -4096 4032 ) (3072 -4096 4032 ) (3072 -4096 -4032 ) 
4 187 206 (3072 -4096 -4032 ) (3072 -4096 4032 ) (3072 -3072 4032 ) (3072 -3072 -4032 ) 
4 188 191 (3072 -1024 -512 ) (3072 -1024 4032 ) (2176 -1024 4032 ) (2176 -1024 -512 ) 
4 188 190 (2176 0 -512 ) (3072 0 -512 ) (3072 -1024 -512 ) (2176 -1024 -512 ) 
4 188 189 (2176 -1024 0 ) (2176 -1024 4032 ) (2176 0 4032 ) (2176 0 0 ) 
4 189 194 (2048 -1024 0 ) (2048 -1024 4032 ) (2048 0 4032 ) (2048 0 0 ) 
4 189 192 (2176 -1024 4032 ) (2048 -1024 4032 ) (2048 -1024 0 ) (2176 -1024 0 ) 
4 190 195 (2048 -1024 -4032 ) (2048 -1024 -512 ) (2048 0 -512 ) (2048 0 -4032 ) 
4 190 193 (3072 -1024 -4032 ) (3072 -1024 -512 ) (2048 -1024 -512 ) (2048 -1024 -4032 ) 
4 191 202 (3072 -2048 -512 ) (3072 -2048 4032 ) (2176 -2048 4032 ) (2176 -2048 -512 ) 
4 191 193 (2176 -1024 -512 ) (3072 -1024 -512 ) (3072 -2048 -512 ) (2176 -2048 -512 ) 
4 191 192 (2176 -2048 0 ) (2176 -2048 4032 ) (2176 -1024 4032 ) (2176 -1024 0 ) 
4 192 203 (2176 -2048 4032 ) (2048 -2048 4032 ) (2048 -2048 0 ) (2176 -2048 0 ) 
4 192 198 (2048 -2048 0 ) (2048 -2048 4032 ) (2048 -1024 4032 ) (2048 -1024 0 ) 
4 193 205 (3072 -2048 -4032 ) (3072 -2048 -512 ) (2048 -2048 -512 ) (2048 -2048 -4032 ) 
4 193 199 (2048 -2048 -4032 ) (2048 -2048 -512 ) (2048 -1024 -512 ) (2048 -1024 -4032 ) 
4 194 198 (2048 -1024 0 ) (2048 -1024 4032 ) (1024 -1024 4032 ) (1024 -1024 0 ) 
4 194 196 (1024 -1024 0 ) (1024 -1024 4032 ) (1024 0 4032 ) (1024 0 0 ) 
4 195 199 (2048 -1024 -4032 ) (2048 -1024 -512 ) (1024 -1024 -512 ) (1024 -1024 -4032 ) 
4 195 197 (1024 -1024 -4032 ) (1024 -1024 -512 ) (1024 0 -512 ) (1024 0 -4032 ) 
4 196 247 (0 0 4032 ) (0 0 0 ) (0 -1024 0 ) (0 -1024 4032 ) 
4 196 200 (0 -1024 4032 ) (0 -1024 0 ) (1024 -1024 0 ) (1024 -1024 4032 ) 
4 197 248 (0 0 -512 ) (0 0 -4032 ) (0 -1024 -4032 ) (0 -1024 -512 ) 
4 197 201 (0 -1024 -512 ) (0 -1024 -4032 ) (1024 -1024 -4032 ) (1024 -1024 -512 ) 
4 198 207 (2048 -2048 0 ) (2048 -2048 4032 ) (1024 -2048 4032 ) (1024 -2048 0 ) 
4 198 200 (1024 -1024 4032 ) (1024 -1024 0 ) (1024 -2048 0 ) (1024 -2048 4032 ) 
4 199 209 (2048 -2048 -4032 ) (2048 -2048 -512 ) (1024 -2048 -512 ) (1024 -2048 -4032 ) 
4 199 201 (1024 -1024 -512 ) (1024 -1024 -4032 ) (1024 -2048 -4032 ) (1024 -2048 -512 ) 
4 200 251 (0 -2048 0 ) (0 -2048 4032 ) (0 -1024 4032 ) (0 -1024 0 ) 
4 200 210 (0 -2048 4032 ) (0 -2048 0 ) (1024 -2048 0 ) (1024 -2048 4032 ) 
4 201 252 (0 -2048 -4032 ) (0 -2048 -512 ) (0 -1024 -512 ) (0 -1024 -4032 ) 
4 201 212 (0 -2048 -512 ) (0 -2048 -4032 ) (1024 -2048 -4032 ) (1024 -2048 -512 ) 
4 202 206 (3072 -3072 -512 ) (3072 -3072 4032 ) (2176 -3072 4032 ) (2176 -3072 -512 ) 
4 202 205 (2176 -2048 -512 ) (3072 -2048 -512 ) (3072 -3072 -512 ) (2176 -3072 -512 ) 
4 202 203 (2176 -2880 0 ) (2176 -2880 4032 ) (2176 -2048 4032 ) (2176 -2048 0 ) 
4 202 204 (2176 -2880 -512 ) (2176 -3072 -512 ) (2176 -3072 4032 ) (2176 -2880 4032 ) 
4 203 207 (2048 -2048 4032 ) (2048 -2048 0 ) (2048 -2880 0 ) (2048 -2880 4032 ) 
4 203 204 (2176 -2880 0 ) (2176 -2880 4032 ) (2048 -2880 4032 ) (2048 -2880 0 ) 
4 204 208 (2048 -2880 -512 ) (2048 -3072 -512 ) (2048 -3072 4032 ) (2048 -2880 4032 ) 
4 204 206 (2176 -3072 4032 ) (2048 -3072 4032 ) (2048 -3072 -512 ) (2176 -3072 -512 ) 
4 204 205 (2048 -3072 -512 ) (2048 -2880 -512 ) (2176 -2880 -512 ) (2176 -3072 -512 ) 
4 205 209 (2048 -2048 -512 ) (2048 -2048 -4032 ) (2048 -3072 -4032 ) (2048 -3072 -512 ) 
4 205 206 (3072 -3072 -4032 ) (3072 -3072 -512 ) (2048 -3072 -512 ) (2048 -3072 -4032 ) 
4 206 231 (3072 -4096 -4032 ) (3072 -4096 4032 ) (2048 -4096 4032 ) (2048 -4096 -4032 ) 
4 206 213 (2048 -4096 -4032 ) (2048 -4096 4032 ) (2048 -3072 4032 ) (2048 -3072 -4032 ) 
4 207 210 (1024 -2048 4032 ) (1024 -2048 0 ) (1024 -2880 0 ) (1024 -2880 4032 ) 
4 207 208 (2048 -2880 0 ) (2048 -2880 4032 ) (1024 -2880 4032 ) (1024 -2880 0 ) 
4 208 213 (2048 -3072 -512 ) (2048 -3072 4032 ) (1024 -3072 4032 ) (1024 -3072 -512 ) 
4 208 211 (1024 -2880 -512 ) (1024 -3072 -512 ) (1024 -3072 4032 ) (1024 -2880 4032 ) 
4 208 209 (2048 -3072 -512 ) (1024 -3072 -512 ) (1024 -2880 -512 ) (2048 -2880 -512 ) 
4 209 213 (2048 -3072 -4032 ) (2048 -3072 -512 ) (1024 -3072 -512 ) (1024 -3072 -4032 ) 
4 209 212 (1024 -2048 -512 ) (1024 -2048 -4032 ) (1024 -3072 -4032 ) (1024 -3072 -512 ) 
4 210 263 (0 -2880 4032 ) (0 -2048 4032 ) (0 -2048 0 ) (0 -2880 0 ) 
4 210 211 (1024 -2880 0 ) (1024 -2880 4032 ) (0 -2880 4032 ) (0 -2880 0 ) 
4 211 264 (0 -3072 -512 ) (0 -3072 4032 ) (0 -2880 4032 ) (0 -2880 -512 ) 
4 211 214 (0 -3072 4032 ) (0 -3072 -512 ) (1024 -3072 -512 ) (1024 -3072 4032 ) 
4 211 212 (1024 -2880 -512 ) (1024 -3072 -512 ) (0 -3072 -512 ) (0 -2880 -512 ) 
4 212 265 (0 -3072 -4032 ) (0 -3072 -512 ) (0 -2048 -512 ) (0 -2048 -4032 ) 
4 212 214 (0 -3072 -512 ) (0 -3072 -4032 ) (1024 -3072 -4032 ) (1024 -3072 -512 ) 
4 213 233 (2048 -4096 -4032 ) (2048 -4096 4032 ) (1024 -4096 4032 ) (1024 -4096 -4032 ) 
4 213 214 (1024 -3072 4032 ) (1024 -3072 -4032 ) (1024 -4096 -4032 ) (1024 -4096 4032 ) 
4 214 269 (0 -4096 -4032 ) (0 -4096 4032 ) (0 -3072 4032 ) (0 -3072 -4032 ) 
4 214 234 (1024 -4096 -4032 ) (1024 -4096 4032 ) (0 -4096 4032 ) (0 -4096 -4032 ) 
4 215 217 (7168 -4096 4032 ) (7168 -4096 -4032 ) (7168 -5120 -4032 ) (7168 -5120 4032 ) 
4 215 216 (8128 -5120 -4032 ) (8128 -5120 4032 ) (7168 -5120 4032 ) (7168 -5120 -4032 ) 
4 216 221 (8128 -6144 -4032 ) (8128 -6144 4032 ) (7168 -6144 4032 ) (7168 -6144 -4032 ) 
4 216 219 (7168 -6144 -4032 ) (7168 -6144 4032 ) (7168 -5120 4032 ) (7168 -5120 -4032 ) 
4 217 219 (7168 -5120 -4032 ) (7168 -5120 4032 ) (6144 -5120 4032 ) (6144 -5120 -4032 ) 
4 217 218 (6144 -4096 4032 ) (6144 -4096 -4032 ) (6144 -5120 -4032 ) (6144 -5120 4032 ) 
4 218 227 (5120 -4096 4032 ) (5120 -4096 -4032 ) (5120 -5120 -4032 ) (5120 -5120 4032 ) 
4 218 220 (6144 -5120 -4032 ) (6144 -5120 4032 ) (5120 -5120 4032 ) (5120 -5120 -4032 ) 
4 219 223 (7168 -6144 -4032 ) (7168 -6144 4032 ) (6144 -6144 4032 ) (6144 -6144 -4032 ) 
4 219 220 (6144 -5120 4032 ) (6144 -5120 -4032 ) (6144 -6144 -4032 ) (6144 -6144 4032 ) 
4 220 229 (5120 -6144 -4032 ) (5120 -6144 4032 ) (5120 -5120 4032 ) (5120 -5120 -4032 ) 
4 220 224 (6144 -6144 -4032 ) (6144 -6144 4032 ) (5120 -6144 4032 ) (5120 -6144 -4032 ) 
4 221 223 (7168 -6144 4032 ) (7168 -6144 -4032 ) (7168 -7168 -4032 ) (7168 -7168 4032 ) 
4 221 222 (8128 -7168 -4032 ) (8128 -7168 4032 ) (7168 -7168 4032 ) (7168 -7168 -4032 ) 
4 222 225 (7168 -8128 -4032 ) (7168 -8128 4032 ) (7168 -7168 4032 ) (7168 -7168 -4032 ) 
4 223 225 (7168 -7168 -4032 ) (7168 -7168 4032 ) (6144 -7168 4032 ) (6144 -7168 -4032 ) 
4 223 224 (6144 -6144 4032 ) (6144 -6144 -4032 ) (6144 -7168 -4032 ) (6144 -7168 4032 ) 
4 224 237 (5120 -7168 -4032 ) (5120 -7168 4032 ) (5120 -6144 4032 ) (5120 -6144 -4032 ) 
4 224 226 (6144 -7168 -4032 ) (6144 -7168 4032 ) (5120 -7168 4032 ) (5120 -7168 -4032 ) 
4 225 226 (6144 -8128 -4032 ) (6144 -8128 4032 ) (6144 -7168 4032 ) (6144 -7168 -4032 ) 
4 226 239 (5120 -8128 -4032 ) (5120 -8128 4032 ) (5120 -7168 4032 ) (5120 -7168 -4032 ) 
4 227 229 (5120 -5120 -4032 ) (5120 -5120 4032 ) (4096 -5120 4032 ) (4096 -5120 -4032 ) 
4 227 228 (4096 -4096 4032 ) (4096 -4096 -4032 ) (4096 -5120 -4032 ) (4096 -5120 4032 ) 
4 228 231 (3072 -4096 4032 ) (3072 -4096 -4032 ) (3072 -5120 -4032 ) (3072 -5120 4032 ) 
4 228 230 (4096 -5120 -4032 ) (4096 -5120 4032 ) (3072 -5120 4032 ) (3072 -5120 -4032 ) 
4 229 237 (5120 -6144 -4032 ) (5120 -6144 4032 ) (4096 -6144 4032 ) (4096 -6144 -4032 ) 
4 229 230 (4096 -5120 4032 ) (4096 -5120 -4032 ) (4096 -6144 -4032 ) (4096 -6144 4032 ) 
4 230 238 (4096 -6144 -4032 ) (4096 -6144 4032 ) (3072 -6144 4032 ) (3072 -6144 -4032 ) 
4 230 232 (3072 -6144 -4032 ) (3072 -6144 4032 ) (3072 -5120 4032 ) (3072 -5120 -4032 ) 
4 231 233 (2048 -5120 -4032 ) (2048 -5120 4032 ) (2048 -4096 4032 ) (2048 -4096 -4032 ) 
4 231 232 (3072 -5120 -4032 ) (3072 -5120 4032 ) (2048 -5120 4032 ) (2048 -5120 -4032 ) 
4 232 241 (3072 -6144 -4032 ) (3072 -6144 4032 ) (2048 -6144 4032 ) (2048 -6144 -4032 ) 
4 232 235 (2048 -6144 -4032 ) (2048 -6144 4032 ) (2048 -5120 4032 ) (2048 -5120 -4032 ) 
4 233 235 (2048 -5120 -4032 ) (2048 -5120 4032 ) (1024 -5120 4032 ) (1024 -5120 -4032 ) 
4 233 234 (1024 -5120 -4032 ) (1024 -5120 4032 ) (1024 -4096 4032 ) (1024 -4096 -4032 ) 
4 234 294 (0 -5120 -4032 ) (0 -5120 4032 ) (0 -4096 4032 ) (0 -4096 -4032 ) 
4 234 236 (0 -5120 4032 ) (0 -5120 -4032 ) (1024 -5120 -4032 ) (1024 -5120 4032 ) 
4 235 242 (2048 -6144 -4032 ) (2048 -6144 4032 ) (1024 -6144 4032 ) (1024 -6144 -4032 ) 
4 235 236 (1024 -5120 4032 ) (1024 -5120 -4032 ) (1024 -6144 -4032 ) (1024 -6144 4032 ) 
4 236 296 (0 -6144 -4032 ) (0 -6144 4032 ) (0 -5120 4032 ) (0 -5120 -4032 ) 
4 236 243 (1024 -6144 -4032 ) (1024 -6144 4032 ) (0 -6144 4032 ) (0 -6144 -4032 ) 
4 237 239 (5120 -7168 -4032 ) (5120 -7168 4032 ) (4096 -7168 4032 ) (4096 -7168 -4032 ) 
4 237 238 (4096 -6144 4032 ) (4096 -6144 -4032 ) (4096 -7168 -4032 ) (4096 -7168 4032 ) 
4 238 241 (3072 -6144 4032 ) (3072 -6144 -4032 ) (3072 -7168 -4032 ) (3072 -7168 4032 ) 
4 238 240 (4096 -7168 -4032 ) (4096 -7168 4032 ) (3072 -7168 4032 ) (3072 -7168 -4032 ) 
4 239 240 (4096 -8128 -4032 ) (4096 -8128 4032 ) (4096 -7168 4032 ) (4096 -7168 -4032 ) 
4 240 244 (3072 -8128 -4032 ) (3072 -8128 4032 ) (3072 -7168 4032 ) (3072 -7168 -4032 ) 
4 241 244 (3072 -7168 -4032 ) (3072 -7168 4032 ) (2048 -7168 4032 ) (2048 -7168 -4032 ) 
4 241 242 (2048 -6144 4032 ) (2048 -6144 -4032 ) (2048 -7168 -4032 ) (2048 -7168 4032 ) 
4 242 245 (2048 -7168 -4032 ) (2048 -7168 4032 ) (1024 -7168 4032 ) (1024 -7168 -4032 ) 
4 242 243 (1024 -7168 -4032 ) (1024 -7168 4032 ) (1024 -6144 4032 ) (1024 -6144 -4032 ) 
4 243 302 (0 -7168 -4032 ) (0 -7168 4032 ) (0 -6144 4032 ) (0 -6144 -4032 ) 
4 243 246 (1024 -7168 -4032 ) (1024 -7168 4032 ) (0 -7168 4032 ) (0 -7168 -4032 ) 
4 244 245 (2048 -7168 4032 ) (2048 -7168 -4032 ) (2048 -8128 -4032 ) (2048 -8128 4032 ) 
4 245 246 (1024 -7168 4032 ) (1024 -7168 -4032 ) (1024 -8128 -4032 ) (1024 -8128 4032 ) 
4 246 304 (0 -8128 -4032 ) (0 -8128 4032 ) (0 -7168 4032 ) (0 -7168 -4032 ) 
4 247 251 (0 -1024 0 ) (0 -1024 4032 ) (-1024 -1024 4032 ) (-1024 -1024 0 ) 
4 247 249 (-1024 0 4032 ) (-1024 0 0 ) (-1024 -1024 0 ) (-1024 -1024 4032 ) 
4 248 252 (0 -1024 -4032 ) (0 -1024 -512 ) (-1024 -1024 -512 ) (-1024 -1024 -4032 ) 
4 248 250 (-1024 0 -512 ) (-1024 0 -4032 ) (-1024 -1024 -4032 ) (-1024 -1024 -512 ) 
4 249 255 (-2048 0 4032 ) (-2048 0 0 ) (-2048 -1024 0 ) (-2048 -1024 4032 ) 
4 249 253 (-1024 -1024 0 ) (-1024 -1024 4032 ) (-2048 -1024 4032 ) (-2048 -1024 0 ) 
4 250 257 (-2048 0 -512 ) (-2048 0 -4032 ) (-2048 -1024 -4032 ) (-2048 -1024 -512 ) 
4 250 254 (-1024 -1024 -4032 ) (-1024 -1024 -512 ) (-2048 -1024 -512 ) (-2048 -1024 -4032 ) 
4 251 263 (0 -2048 0 ) (0 -2048 4032 ) (-1024 -2048 4032 ) (-1024 -2048 0 ) 
4 251 253 (-1024 -1024 4032 ) (-1024 -1024 0 ) (-1024 -2048 0 ) (-1024 -2048 4032 ) 
4 252 265 (0 -2048 -4032 ) (0 -2048 -512 ) (-1024 -2048 -512 ) (-1024 -2048 -4032 ) 
4 252 254 (-1024 -1024 -512 ) (-1024 -1024 -4032 ) (-1024 -2048 -4032 ) (-1024 -2048 -512 ) 
4 253 266 (-1024 -2048 0 ) (-1024 -2048 4032 ) (-2048 -2048 4032 ) (-2048 -2048 0 ) 
4 253 259 (-2048 -2048 0 ) (-2048 -2048 4032 ) (-2048 -1024 4032 ) (-2048 -1024 0 ) 
4 254 268 (-1024 -2048 -4032 ) (-1024 -2048 -512 ) (-2048 -2048 -512 ) (-2048 -2048 -4032 ) 
4 254 261 (-2048 -2048 -4032 ) (-2048 -2048 -512 ) (-2048 -1024 -512 ) (-2048 -1024 -4032 ) 
4 255 259 (-2048 -1024 0 ) (-2048 -1024 4032 ) (-2624 -1024 4032 ) (-2624 -1024 0 ) 
4 255 256 (-2624 -1024 0 ) (-2624 -1024 4032 ) (-2624 0 4032 ) (-2624 0 0 ) 
4 256 260 (-2624 -1024 4032 ) (-3072 -1024 4032 ) (-3072 -1024 -512 ) (-2624 -1024 -512 ) 
4 256 258 (-3072 0 4032 ) (-3072 0 -512 ) (-3072 -1024 -512 ) (-3072 -1024 4032 ) 
4 256 257 (-2624 -1024 -512 ) (-3072 -1024 -512 ) (-3072 0 -512 ) (-2624 0 -512 ) 
4 257 261 (-2048 -1024 -4032 ) (-2048 -1024 -512 ) (-3072 -1024 -512 ) (-3072 -1024 -4032 ) 
4 257 258 (-3072 0 -512 ) (-3072 0 -4032 ) (-3072 -1024 -4032 ) (-3072 -1024 -512 ) 
4 258 278 (-4096 0 4032 ) (-4096 0 -4032 ) (-4096 -1024 -4032 ) (-4096 -1024 4032 ) 
4 258 262 (-3072 -1024 -4032 ) (-3072 -1024 4032 ) (-4096 -1024 4032 ) (-4096 -1024 -4032 ) 
4 259 271 (-2048 -2048 0 ) (-2048 -2048 4032 ) (-2624 -2048 4032 ) (-2624 -2048 0 ) 
4 259 260 (-2624 -2048 0 ) (-2624 -2048 4032 ) (-2624 -1024 4032 ) (-2624 -1024 0 ) 
4 260 273 (-2624 -2048 4032 ) (-3072 -2048 4032 ) (-3072 -2048 -512 ) (-2624 -2048 -512 ) 
4 260 262 (-3072 -1024 4032 ) (-3072 -1024 -512 ) (-3072 -2048 -512 ) (-3072 -2048 4032 ) 
4 260 261 (-3072 -1024 -512 ) (-2624 -1024 -512 ) (-2624 -2048 -512 ) (-3072 -2048 -512 ) 
4 261 274 (-2048 -2048 -4032 ) (-2048 -2048 -512 ) (-3072 -2048 -512 ) (-3072 -2048 -4032 ) 
4 261 262 (-3072 -1024 -512 ) (-3072 -1024 -4032 ) (-3072 -2048 -4032 ) (-3072 -2048 -512 ) 
4 262 280 (-4096 -2048 -4032 ) (-4096 -2048 4032 ) (-4096 -1024 4032 ) (-4096 -1024 -4032 ) 
4 262 275 (-3072 -2048 -4032 ) (-3072 -2048 4032 ) (-4096 -2048 4032 ) (-4096 -2048 -4032 ) 
4 263 266 (-1024 -2048 4032 ) (-1024 -2048 0 ) (-1024 -2880 0 ) (-1024 -2880 4032 ) 
4 263 264 (0 -2880 0 ) (0 -2880 4032 ) (-1024 -2880 4032 ) (-1024 -2880 0 ) 
4 264 269 (0 -3072 -512 ) (0 -3072 4032 ) (-1024 -3072 4032 ) (-1024 -3072 -512 ) 
4 264 267 (-1024 -2880 -512 ) (-1024 -3072 -512 ) (-1024 -3072 4032 ) (-1024 -2880 4032 ) 
4 264 265 (0 -3072 -512 ) (-1024 -3072 -512 ) (-1024 -2880 -512 ) (0 -2880 -512 ) 
4 265 269 (0 -3072 -4032 ) (0 -3072 -512 ) (-1024 -3072 -512 ) (-1024 -3072 -4032 ) 
4 265 268 (-1024 -2048 -512 ) (-1024 -2048 -4032 ) (-1024 -3072 -4032 ) (-1024 -3072 -512 ) 
4 266 271 (-2048 -2048 4032 ) (-2048 -2048 0 ) (-2048 -2880 0 ) (-2048 -2880 4032 ) 
4 266 267 (-1024 -2880 0 ) (-1024 -2880 4032 ) (-2048 -2880 4032 ) (-2048 -2880 0 ) 
4 267 272 (-2048 -2880 -512 ) (-2048 -3072 -512 ) (-2048 -3072 4032 ) (-2048 -2880 4032 ) 
4 267 270 (-1024 -3072 -512 ) (-1024 -3072 4032 ) (-2048 -3072 4032 ) (-2048 -3072 -512 ) 
4 267 268 (-1024 -2880 -512 ) (-1024 -3072 -512 ) (-2048 -3072 -512 ) (-2048 -2880 -512 ) 
4 268 274 (-2048 -2048 -512 ) (-2048 -2048 -4032 ) (-2048 -3072 -4032 ) (-2048 -3072 -512 ) 
4 268 270 (-1024 -3072 -4032 ) (-1024 -3072 -512 ) (-2048 -3072 -512 ) (-2048 -3072 -4032 ) 
4 269 294 (0 -4096 -4032 ) (0 -4096 4032 ) (-1024 -4096 4032 ) (-1024 -4096 -4032 ) 
4 269 270 (-1024 -3072 4032 ) (-1024 -3072 -4032 ) (-1024 -4096 -4032 ) (-1024 -4096 4032 ) 
4 270 295 (-1024 -4096 -4032 ) (-1024 -4096 4032 ) (-2048 -4096 4032 ) (-2048 -4096 -4032 ) 
4 270 276 (-2048 -4096 -4032 ) (-2048 -4096 4032 ) (-2048 -3072 4032 ) (-2048 -3072 -4032 ) 
4 271 272 (-2624 -2880 4032 ) (-2624 -2880 0 ) (-2048 -2880 0 ) (-2048 -2880 4032 ) 
4 271 273 (-2624 -2880 0 ) (-2624 -2880 4032 ) (-2624 -2048 4032 ) (-2624 -2048 0 ) 
4 272 276 (-2048 -3072 -512 ) (-2048 -3072 4032 ) (-2624 -3072 4032 ) (-2624 -3072 -512 ) 
4 272 274 (-2048 -3072 -512 ) (-2624 -3072 -512 ) (-2624 -2880 -512 ) (-2048 -2880 -512 ) 
4 272 273 (-2624 -2880 -512 ) (-2624 -3072 -512 ) (-2624 -3072 4032 ) (-2624 -2880 4032 ) 
4 273 276 (-2624 -3072 4032 ) (-3072 -3072 4032 ) (-3072 -3072 -512 ) (-2624 -3072 -512 ) 
4 273 275 (-3072 -2048 4032 ) (-3072 -2048 -512 ) (-3072 -3072 -512 ) (-3072 -3072 4032 ) 
4 273 274 (-2624 -3072 -512 ) (-3072 -3072 -512 ) (-3072 -2048 -512 ) (-2624 -2048 -512 ) 
4 274 276 (-2048 -3072 -4032 ) (-2048 -3072 -512 ) (-3072 -3072 -512 ) (-3072 -3072 -4032 ) 
4 274 275 (-3072 -2048 -512 ) (-3072 -2048 -4032 ) (-3072 -3072 -4032 ) (-3072 -3072 -512 ) 
4 275 282 (-4096 -3072 -4032 ) (-4096 -3072 4032 ) (-4096 -2048 4032 ) (-4096 -2048 -4032 ) 
4 275 277 (-3072 -3072 -4032 ) (-3072 -3072 4032 ) (-4096 -3072 4032 ) (-4096 -3072 -4032 ) 
4 276 298 (-2048 -4096 -4032 ) (-2048 -4096 4032 ) (-3072 -4096 4032 ) (-3072 -4096 -4032 ) 
4 276 277 (-3072 -3072 4032 ) (-3072 -3072 -4032 ) (-3072 -4096 -4032 ) (-3072 -4096 4032 ) 
4 277 299 (-3072 -4096 -4032 ) (-3072 -4096 4032 ) (-4096 -4096 4032 ) (-4096 -4096 -4032 ) 
4 277 284 (-4096 -4096 -4032 ) (-4096 -4096 4032 ) (-4096 -3072 4032 ) (-4096 -3072 -4032 ) 
4 278 280 (-4096 -1024 -4032 ) (-4096 -1024 4032 ) (-5120 -1024 4032 ) (-5120 -1024 -4032 ) 
4 278 279 (-5120 0 4032 ) (-5120 0 -4032 ) (-5120 -1024 -4032 ) (-5120 -1024 4032 ) 
4 279 286 (-6144 -1024 -4032 ) (-6144 -1024 4032 ) (-6144 0 4032 ) (-6144 0 -4032 ) 
4 279 281 (-6144 -1024 4032 ) (-6144 -1024 -4032 ) (-5120 -1024 -4032 ) (-5120 -1024 4032 ) 
4 280 282 (-4096 -2048 -4032 ) (-4096 -2048 4032 ) (-5120 -2048 4032 ) (-5120 -2048 -4032 ) 
4 280 281 (-5120 -1024 4032 ) (-5120 -1024 -4032 ) (-5120 -2048 -4032 ) (-5120 -2048 4032 ) 
4 281 287 (-6144 -2048 -4032 ) (-6144 -2048 4032 ) (-6144 -1024 4032 ) (-6144 -1024 -4032 ) 
4 281 283 (-5120 -2048 -4032 ) (-5120 -2048 4032 ) (-6144 -2048 4032 ) (-6144 -2048 -4032 ) 
4 282 284 (-4096 -3072 -4032 ) (-4096 -3072 4032 ) (-5120 -3072 4032 ) (-5120 -3072 -4032 ) 
4 282 283 (-5120 -3072 -4032 ) (-5120 -3072 4032 ) (-5120 -2048 4032 ) (-5120 -2048 -4032 ) 
4 283 290 (-6144 -3072 -4032 ) (-6144 -3072 4032 ) (-6144 -2048 4032 ) (-6144 -2048 -4032 ) 
4 283 285 (-6144 -3072 4032 ) (-6144 -3072 -4032 ) (-5120 -3072 -4032 ) (-5120 -3072 4032 ) 
4 284 310 (-4096 -4096 -4032 ) (-4096 -4096 4032 ) (-5120 -4096 4032 ) (-5120 -4096 -4032 ) 
4 284 285 (-5120 -3072 4032 ) (-5120 -3072 -4032 ) (-5120 -4096 -4032 ) (-5120 -4096 4032 ) 
4 285 311 (-5120 -4096 -4032 ) (-5120 -4096 4032 ) (-6144 -4096 4032 ) (-6144 -4096 -4032 ) 
4 285 291 (-6144 -4096 -4032 ) (-6144 -4096 4032 ) (-6144 -3072 4032 ) (-6144 -3072 -4032 ) 
4 286 288 (-7168 -1024 -4032 ) (-7168 -1024 4032 ) (-7168 0 4032 ) (-7168 0 -4032 ) 
4 286 287 (-6144 -1024 -4032 ) (-6144 -1024 4032 ) (-7168 -1024 4032 ) (-7168 -1024 -4032 ) 
4 287 290 (-6144 -2048 -4032 ) (-6144 -2048 4032 ) (-7168 -2048 4032 ) (-7168 -2048 -4032 ) 
4 287 289 (-7168 -2048 -4032 ) (-7168 -2048 4032 ) (-7168 -1024 4032 ) (-7168 -1024 -4032 ) 
4 288 289 (-7168 -1024 -4032 ) (-7168 -1024 4032 ) (-8128 -1024 4032 ) (-8128 -1024 -4032 ) 
4 289 292 (-7168 -2048 -4032 ) (-7168 -2048 4032 ) (-8128 -2048 4032 ) (-8128 -2048 -4032 ) 
4 290 292 (-7168 -2048 4032 ) (-7168 -2048 -4032 ) (-7168 -3072 -4032 ) (-7168 -3072 4032 ) 
4 290 291 (-6144 -3072 -4032 ) (-6144 -3072 4032 ) (-7168 -3072 4032 ) (-7168 -3072 -4032 ) 
4 291 314 (-6144 -4096 -4032 ) (-6144 -4096 4032 ) (-7168 -4096 4032 ) (-7168 -4096 -4032 ) 
4 291 293 (-7168 -4096 -4032 ) (-7168 -4096 4032 ) (-7168 -3072 4032 ) (-7168 -3072 -4032 ) 
4 292 293 (-7168 -3072 -4032 ) (-7168 -3072 4032 ) (-8128 -3072 4032 ) (-8128 -3072 -4032 ) 
4 293 316 (-7168 -4096 -4032 ) (-7168 -4096 4032 ) (-8128 -4096 4032 ) (-8128 -4096 -4032 ) 
4 294 296 (0 -5120 -4032 ) (0 -5120 4032 ) (-1024 -5120 4032 ) (-1024 -5120 -4032 ) 
4 294 295 (-1024 -4096 4032 ) (-1024 -4096 -4032 ) (-1024 -5120 -4032 ) (-1024 -5120 4032 ) 
4 295 298 (-2048 -4096 4032 ) (-2048 -4096 -4032 ) (-2048 -5120 -4032 ) (-2048 -5120 4032 ) 
4 295 297 (-1024 -5120 -4032 ) (-1024 -5120 4032 ) (-2048 -5120 4032 ) (-2048 -5120 -4032 ) 
4 296 302 (0 -6144 -4032 ) (0 -6144 4032 ) (-1024 -6144 4032 ) (-1024 -6144 -4032 ) 
4 296 297 (-1024 -5120 4032 ) (-1024 -5120 -4032 ) (-1024 -6144 -4032 ) (-1024 -6144 4032 ) 
4 297 303 (-1024 -6144 -4032 ) (-1024 -6144 4032 ) (-2048 -6144 4032 ) (-2048 -6144 -4032 ) 
4 297 300 (-2048 -6144 -4032 ) (-2048 -6144 4032 ) (-2048 -5120 4032 ) (-2048 -5120 -4032 ) 
4 298 300 (-2048 -5120 -4032 ) (-2048 -5120 4032 ) (-3072 -5120 4032 ) (-3072 -5120 -4032 ) 
4 298 299 (-3072 -4096 4032 ) (-3072 -4096 -4032 ) (-3072 -5120 -4032 ) (-3072 -5120 4032 ) 
4 299 310 (-4096 -4096 4032 ) (-4096 -4096 -4032 ) (-4096 -5120 -4032 ) (-4096 -5120 4032 ) 
4 299 301 (-3072 -5120 -4032 ) (-3072 -5120 4032 ) (-4096 -5120 4032 ) (-4096 -5120 -4032 ) 
4 300 306 (-2048 -6144 -4032 ) (-2048 -6144 4032 ) (-3072 -6144 4032 ) (-3072 -6144 -4032 ) 
4 300 301 (-3072 -5120 4032 ) (-3072 -5120 -4032 ) (-3072 -6144 -4032 ) (-3072 -6144 4032 ) 
4 301 312 (-4096 -6144 -4032 ) (-4096 -6144 4032 ) (-4096 -5120 4032 ) (-4096 -5120 -4032 ) 
4 301 307 (-3072 -6144 -4032 ) (-3072 -6144 4032 ) (-4096 -6144 4032 ) (-4096 -6144 -4032 ) 
4 302 304 (0 -7168 -4032 ) (0 -7168 4032 ) (-1024 -7168 4032 ) (-1024 -7168 -4032 ) 
4 302 303 (-1024 -6144 4032 ) (-1024 -6144 -4032 ) (-1024 -7168 -4032 ) (-1024 -7168 4032 ) 
4 303 306 (-2048 -6144 4032 ) (-2048 -6144 -4032 ) (-2048 -7168 -4032 ) (-2048 -7168 4032 ) 
4 303 305 (-1024 -7168 -4032 ) (-1024 -7168 4032 ) (-2048 -7168 4032 ) (-2048 -7168 -4032 ) 
4 304 305 (-1024 -8128 -4032 ) (-1024 -8128 4032 ) (-1024 -7168 4032 ) (-1024 -7168 -4032 ) 
4 305 308 (-2048 -8128 -4032 ) (-2048 -8128 4032 ) (-2048 -7168 4032 ) (-2048 -7168 -4032 ) 
4 306 308 (-2048 -7168 -4032 ) (-2048 -7168 4032 ) (-3072 -7168 4032 ) (-3072 -7168 -4032 ) 
4 306 307 (-3072 -6144 4032 ) (-3072 -6144 -4032 ) (-3072 -7168 -4032 ) (-3072 -7168 4032 ) 
4 307 318 (-4096 -7168 -4032 ) (-4096 -7168 4032 ) (-4096 -6144 4032 ) (-4096 -6144 -4032 ) 
4 307 309 (-3072 -7168 -4032 ) (-3072 -7168 4032 ) (-4096 -7168 4032 ) (-4096 -7168 -4032 ) 
4 308 309 (-3072 -8128 -4032 ) (-3072 -8128 4032 ) (-3072 -7168 4032 ) (-3072 -7168 -4032 ) 
4 309 320 (-4096 -8128 -4032 ) (-4096 -8128 4032 ) (-4096 -7168 4032 ) (-4096 -7168 -4032 ) 
4 310 312 (-4096 -5120 -4032 ) (-4096 -5120 4032 ) (-5120 -5120 4032 ) (-5120 -5120 -4032 ) 
4 310 311 (-5120 -4096 4032 ) (-5120 -4096 -4032 ) (-5120 -5120 -4032 ) (-5120 -5120 4032 ) 
4 311 314 (-6144 -4096 4032 ) (-6144 -4096 -4032 ) (-6144 -5120 -4032 ) (-6144 -5120 4032 ) 
4 311 313 (-5120 -5120 -4032 ) (-5120 -5120 4032 ) (-6144 -5120 4032 ) (-6144 -5120 -4032 ) 
4 312 318 (-4096 -6144 -4032 ) (-4096 -6144 4032 ) (-5120 -6144 4032 ) (-5120 -6144 -4032 ) 
4 312 313 (-5120 -5120 4032 ) (-5120 -5120 -4032 ) (-5120 -6144 -4032 ) (-5120 -6144 4032 ) 
4 313 319 (-5120 -6144 -4032 ) (-5120 -6144 4032 ) (-6144 -6144 4032 ) (-6144 -6144 -4032 ) 
4 313 315 (-6144 -6144 -4032 ) (-6144 -6144 4032 ) (-6144 -5120 4032 ) (-6144 -5120 -4032 ) 
4 314 316 (-7168 -5120 -4032 ) (-7168 -5120 4032 ) (-7168 -4096 4032 ) (-7168 -4096 -4032 ) 
4 314 315 (-6144 -5120 -4032 ) (-6144 -5120 4032 ) (-7168 -5120 4032 ) (-7168 -5120 -4032 ) 
4 315 322 (-6144 -6144 -4032 ) (-6144 -6144 4032 ) (-7168 -6144 4032 ) (-7168 -6144 -4032 ) 
4 315 317 (-7168 -6144 -4032 ) (-7168 -6144 4032 ) (-7168 -5120 4032 ) (-7168 -5120 -4032 ) 
4 316 317 (-7168 -5120 -4032 ) (-7168 -5120 4032 ) (-8128 -5120 4032 ) (-8128 -5120 -4032 ) 
4 317 323 (-7168 -6144 -4032 ) (-7168 -6144 4032 ) (-8128 -6144 4032 ) (-8128 -6144 -4032 ) 
4 318 320 (-4096 -7168 -4032 ) (-4096 -7168 4032 ) (-5120 -7168 4032 ) (-5120 -7168 -4032 ) 
4 318 319 (-5120 -6144 4032 ) (-5120 -6144 -4032 ) (-5120 -7168 -4032 ) (-5120 -7168 4032 ) 
4 319 322 (-6144 -6144 4032 ) (-6144 -6144 -4032 ) (-6144 -7168 -4032 ) (-6144 -7168 4032 ) 
4 319 321 (-5120 -7168 -4032 ) (-5120 -7168 4032 ) (-6144 -7168 4032 ) (-6144 -7168 -4032 ) 
4 320 321 (-5120 -8128 -4032 ) (-5120 -8128 4032 ) (-5120 -7168 4032 ) (-5120 -7168 -4032 ) 
4 321 324 (-6144 -8128 -4032 ) (-6144 -8128 4032 ) (-6144 -7168 4032 ) (-6144 -7168 -4032 ) 
4 322 324 (-6144 -7168 -4032 ) (-6144 -7168 4032 ) (-7168 -7168 4032 ) (-7168 -7168 -4032 ) 
4 322 323 (-7168 -6144 4032 ) (-7168 -6144 -4032 ) (-7168 -7168 -4032 ) (-7168 -7168 4032 ) 
4 323 325 (-7168 -7168 -4032 ) (-7168 -7168 4032 ) (-8128 -7168 4032 ) (-8128 -7168 -4032 ) 
4 324 325 (-7168 -7168 4032 ) (-7168 -7168 -4032 ) (-7168 -8128 -4032 ) (-7168 -8128 4032 ) 
